<?xml version="1.0" encoding="UTF-8"?>
<!-- Generated by org.testng.reporters.JUnitXMLReporter -->
<testsuite ignored="0" hostname="LIN20003534" failures="0" tests="3" name="CarLoan" time="0.011" errors="0" timestamp="2021-12-21T21:44:17 IST">
  <testcase classname="com.java.testng.basics.CarLoan" name="applyViaBroker" time="0.001"/>
  <testcase classname="com.java.testng.basics.CarLoan" name="applyViaMobileApp" time="0.001"/>
  <testcase classname="com.java.testng.basics.CarLoan" name="applyViaWeb" time="0.002"/>
</testsuite> <!-- CarLoan -->
