<?xml version="1.0" encoding="UTF-8"?>
<!-- Generated by org.testng.reporters.JUnitXMLReporter -->
<testsuite ignored="0" hostname="LIN20003534" failures="0" tests="12" name="HomeLoan" time="0.097" errors="0" timestamp="2021-12-21T21:49:40 IST">
  <testcase classname="com.java.testng.basics.copyForExecution.CarLoan" name="applyViaBroker" time="0.009"/>
  <testcase classname="com.java.testng.basics.copyForExecution.CarLoan" name="applyViaMobileApp" time="0.001"/>
  <testcase classname="com.java.testng.basics.copyForExecution.CarLoan" name="applyViaWeb" time="0.001"/>
  <testcase classname="com.java.testng.basics.copyForExecution.HomeLoan" name="applyViaBroker" time="0.001"/>
  <testcase classname="com.java.testng.basics.copyForExecution.HomeLoan" name="applyViaMobileApp" time="0.002"/>
  <testcase classname="com.java.testng.basics.copyForExecution.HomeLoan" name="applyViaWeb" time="0.002"/>
  <testcase classname="com.java.testng.basics.copyForExecution.PersonalLoan" name="applyViaBroker" time="0.002"/>
  <testcase classname="com.java.testng.basics.copyForExecution.PersonalLoan" name="applyViaMobileApp" time="0.001"/>
  <testcase classname="com.java.testng.basics.copyForExecution.PersonalLoan" name="applyViaWeb" time="0.001"/>
  <testcase classname="com.java.testng.basics.copyForExecution.RegExp" name="loginUsingLaptop" time="0.001"/>
  <testcase classname="com.java.testng.basics.copyForExecution.RegExp" name="loginUsingMobile" time="0.002"/>
  <testcase classname="com.java.testng.basics.copyForExecution.RegExp" name="viadesktop" time="0.002"/>
</testsuite> <!-- HomeLoan -->
