<?xml version="1.0" encoding="UTF-8"?>
<!-- Generated by org.testng.reporters.JUnitXMLReporter -->
<testsuite ignored="1" hostname="LIN20003534" failures="0" tests="2" name="PersonalLoan" time="0.007" errors="0" timestamp="2021-12-21T21:44:17 IST">
  <testcase classname="com.java.testng.basics.PersonalLoan" name="applyViaMobileApp" time="0.002"/>
  <testcase classname="com.java.testng.basics.PersonalLoan" name="applyViaWeb" time="0.001"/>
  <testcase classname="com.java.testng.basics.PersonalLoan" name="applyViaBroker" time="0.0">
    <ignored/>
  </testcase> <!-- applyViaBroker -->
</testsuite> <!-- PersonalLoan -->
