<?xml version="1.0" encoding="UTF-8"?>
<!-- Generated by org.testng.reporters.JUnitXMLReporter -->
<testsuite ignored="0" hostname="LIN20003534" failures="0" tests="3" name="Default test" time="0.08" errors="0" timestamp="2021-12-21T21:24:16 IST">
  <testcase classname="com.java.testng.basics.HomeLoan" name="applyViaBroker" time="0.012"/>
  <testcase classname="com.java.testng.basics.HomeLoan" name="applyViaMobileApp" time="0.002"/>
  <testcase classname="com.java.testng.basics.HomeLoan" name="applyViaWeb" time="0.002"/>
</testsuite> <!-- Default test -->
